#-----------------------------------------------------------
# Vivado v2021.2 (64-bit)
# SW Build 3367213 on Tue Oct 19 02:48:09 MDT 2021
# IP Build 3369179 on Thu Oct 21 08:25:16 MDT 2021
# Start of session at: Thu Jun 23 15:28:15 2022
# Process ID: 2428
# Current directory: C:/Users/okolhe/OneDrive - purdue.edu/Academics/Purdue/Testing System/NNT_DAQ/ADC_16Ch_Stream
# Command line: vivado.exe C:\Users\okolhe\OneDrive - purdue.edu\Academics\Purdue\Testing System\NNT_DAQ\ADC_16Ch_Stream\ADC_16Ch_Stream.xpr
# Log file: C:/Users/okolhe/OneDrive - purdue.edu/Academics/Purdue/Testing System/NNT_DAQ/ADC_16Ch_Stream/vivado.log
# Journal file: C:/Users/okolhe/OneDrive - purdue.edu/Academics/Purdue/Testing System/NNT_DAQ/ADC_16Ch_Stream\vivado.jou
# Running On: X-MJISB050PC03, OS: Windows, CPU Frequency: 2904 MHz, CPU Physical cores: 8, Host memory: 34060 MB
#-----------------------------------------------------------
start_gui
open_project {C:/Users/okolhe/OneDrive - purdue.edu/Academics/Purdue/Testing System/NNT_DAQ/ADC_16Ch_Stream/ADC_16Ch_Stream.xpr}
INFO: [ProjectBase 1-489] The host OS only allows 260 characters in a normal path. The project is stored in a path with more than 80 characters. If you experience issues with IP, Block Designs, or files not being found, please consider moving the project to a location with a shorter path. Alternately consider using the OS subst command to map part of the path to a drive letter.
Current project path is 'C:/Users/okolhe/OneDrive - purdue.edu/Academics/Purdue/Testing System/NNT_DAQ/ADC_16Ch_Stream'
WARNING: [Board 49-26] cannot add Board Part xilinx.com:kc705:part0:1.6 available at C:/Xilinx/Vivado/2021.2/data/xhub/boards/XilinxBoardStore/boards/Xilinx/kc705/1.6/board.xml as part xc7k325tffg900-2 specified in board_part file is either invalid or not available
WARNING: [Board 49-26] cannot add Board Part xilinx.com:kcu105:part0:1.6 available at C:/Xilinx/Vivado/2021.2/data/xhub/boards/XilinxBoardStore/boards/Xilinx/kcu105/1.6/board.xml as part xcku040-ffva1156-2-e specified in board_part file is either invalid or not available
WARNING: [Board 49-26] cannot add Board Part xilinx.com:kcu105:part0:1.7 available at C:/Xilinx/Vivado/2021.2/data/xhub/boards/XilinxBoardStore/boards/Xilinx/kcu105/1.7/board.xml as part xcku040-ffva1156-2-e specified in board_part file is either invalid or not available
WARNING: [Board 49-26] cannot add Board Part xilinx.com:kcu1500:part0:1.2 available at C:/Xilinx/Vivado/2021.2/data/xhub/boards/XilinxBoardStore/boards/Xilinx/kcu1500/1.2/board.xml as part xcku115-flvb2104-2-e specified in board_part file is either invalid or not available
WARNING: [Board 49-26] cannot add Board Part xilinx.com:vc707:part0:1.4 available at C:/Xilinx/Vivado/2021.2/data/xhub/boards/XilinxBoardStore/boards/Xilinx/vc707/1.4/board.xml as part xc7vx485tffg1761-2 specified in board_part file is either invalid or not available
WARNING: [Board 49-26] cannot add Board Part xilinx.com:vc709:part0:1.8 available at C:/Xilinx/Vivado/2021.2/data/xhub/boards/XilinxBoardStore/boards/Xilinx/vc709/1.8/board.xml as part xc7vx690tffg1761-2 specified in board_part file is either invalid or not available
WARNING: [Board 49-26] cannot add Board Part xilinx.com:vck190:part0:2.2 available at C:/Xilinx/Vivado/2021.2/data/xhub/boards/XilinxBoardStore/boards/Xilinx/vck190/production/2.2/board.xml as part xcvc1902-vsva2197-2mp-e-s specified in board_part file is either invalid or not available
WARNING: [Board 49-26] cannot add Board Part xilinx.com:vck190_es:part0:1.3 available at C:/Xilinx/Vivado/2021.2/data/xhub/boards/XilinxBoardStore/boards/Xilinx/vck190/es/1.3/board.xml as part xcvc1902-vsva2197-2mp-e-s-es1 specified in board_part file is either invalid or not available
WARNING: [Board 49-26] cannot add Board Part xilinx.com:vcu108:part0:1.6 available at C:/Xilinx/Vivado/2021.2/data/xhub/boards/XilinxBoardStore/boards/Xilinx/vcu108/1.6/board.xml as part xcvu095-ffva2104-2-e specified in board_part file is either invalid or not available
WARNING: [Board 49-26] cannot add Board Part xilinx.com:vcu108:part0:1.7 available at C:/Xilinx/Vivado/2021.2/data/xhub/boards/XilinxBoardStore/boards/Xilinx/vcu108/1.7/board.xml as part xcvu095-ffva2104-2-e specified in board_part file is either invalid or not available
WARNING: [Board 49-26] cannot add Board Part xilinx.com:vcu110:part0:1.4 available at C:/Xilinx/Vivado/2021.2/data/xhub/boards/XilinxBoardStore/boards/Xilinx/vcu110/1.4/board.xml as part xcvu190-flgc2104-2-e specified in board_part file is either invalid or not available
WARNING: [Board 49-26] cannot add Board Part xilinx.com:vcu118:part0:2.0 available at C:/Xilinx/Vivado/2021.2/data/xhub/boards/XilinxBoardStore/boards/Xilinx/vcu118/2.0/board.xml as part xcvu9p-flga2104-2l-e specified in board_part file is either invalid or not available
WARNING: [Board 49-26] cannot add Board Part xilinx.com:vcu118:part0:2.3 available at C:/Xilinx/Vivado/2021.2/data/xhub/boards/XilinxBoardStore/boards/Xilinx/vcu118/2.3/board.xml as part xcvu9p-flga2104-2l-e specified in board_part file is either invalid or not available
WARNING: [Board 49-26] cannot add Board Part xilinx.com:vcu118:part0:2.4 available at C:/Xilinx/Vivado/2021.2/data/xhub/boards/XilinxBoardStore/boards/Xilinx/vcu118/2.4/board.xml as part xcvu9p-flga2104-2l-e specified in board_part file is either invalid or not available
WARNING: [Board 49-26] cannot add Board Part xilinx.com:vcu128:part0:1.0 available at C:/Xilinx/Vivado/2021.2/data/xhub/boards/XilinxBoardStore/boards/Xilinx/vcu128/production/1.0/board.xml as part xcvu37p-fsvh2892-2l-e specified in board_part file is either invalid or not available
WARNING: [Board 49-26] cannot add Board Part xilinx.com:vcu129:part0:1.0 available at C:/Xilinx/Vivado/2021.2/data/xhub/boards/XilinxBoardStore/boards/Xilinx/vcu129/production/1.0/board.xml as part xcvu29p-fsga2577-2l-e specified in board_part file is either invalid or not available
WARNING: [Board 49-26] cannot add Board Part xilinx.com:vcu1525:part0:1.3 available at C:/Xilinx/Vivado/2021.2/data/xhub/boards/XilinxBoardStore/boards/Xilinx/vcu1525/1.3/board.xml as part xcvu9p-fsgd2104-2l-e specified in board_part file is either invalid or not available
WARNING: [Board 49-26] cannot add Board Part xilinx.com:vermeo_t1_mpsoc:part0:1.0 available at C:/Xilinx/Vivado/2021.2/data/xhub/boards/XilinxBoardStore/boards/Xilinx/vermeo_t1_mpsoc/1.0/board.xml as part xczu19eg-ffvd1760-2l-e specified in board_part file is either invalid or not available
WARNING: [Board 49-26] cannot add Board Part xilinx.com:vermeo_t1_rfsoc:part0:1.0 available at C:/Xilinx/Vivado/2021.2/data/xhub/boards/XilinxBoardStore/boards/Xilinx/vermeo_t1_rfsoc/1.0/board.xml as part xczu21dr-ffvd1156-2l-e specified in board_part file is either invalid or not available
WARNING: [Board 49-26] cannot add Board Part xilinx.com:vmk180:part0:2.2 available at C:/Xilinx/Vivado/2021.2/data/xhub/boards/XilinxBoardStore/boards/Xilinx/vmk180/production/2.2/board.xml as part xcvm1802-vsva2197-2mp-e-s specified in board_part file is either invalid or not available
WARNING: [Board 49-26] cannot add Board Part xilinx.com:vmk180_es:part0:1.3 available at C:/Xilinx/Vivado/2021.2/data/xhub/boards/XilinxBoardStore/boards/Xilinx/vmk180/es/1.3/board.xml as part xcvm1802-vsva2197-2mp-e-s-es1 specified in board_part file is either invalid or not available
WARNING: [Board 49-26] cannot add Board Part xilinx.com:vpk120_es:part0:1.2 available at C:/Xilinx/Vivado/2021.2/data/xhub/boards/XilinxBoardStore/boards/Xilinx/vpk120/es/1.2/board.xml as part xcvp1202-vsva2785-2mp-e-s-es1 specified in board_part file is either invalid or not available
WARNING: [Board 49-26] cannot add Board Part xilinx.com:zc706:part0:1.4 available at C:/Xilinx/Vivado/2021.2/data/xhub/boards/XilinxBoardStore/boards/Xilinx/zc706/1.4/board.xml as part xc7z045ffg900-2 specified in board_part file is either invalid or not available
WARNING: [Board 49-26] cannot add Board Part xilinx.com:zcu102:part0:3.3 available at C:/Xilinx/Vivado/2021.2/data/xhub/boards/XilinxBoardStore/boards/Xilinx/zcu102/3.3/board.xml as part xczu9eg-ffvb1156-2-e specified in board_part file is either invalid or not available
WARNING: [Board 49-26] cannot add Board Part xilinx.com:zcu102:part0:3.4 available at C:/Xilinx/Vivado/2021.2/data/xhub/boards/XilinxBoardStore/boards/Xilinx/zcu102/3.4/board.xml as part xczu9eg-ffvb1156-2-e specified in board_part file is either invalid or not available
WARNING: [Board 49-26] cannot add Board Part xilinx.com:zcu111:part0:1.2 available at C:/Xilinx/Vivado/2021.2/data/xhub/boards/XilinxBoardStore/boards/Xilinx/zcu111/1.2/board.xml as part xczu28dr-ffvg1517-2-e specified in board_part file is either invalid or not available
WARNING: [Board 49-26] cannot add Board Part xilinx.com:zcu111:part0:1.3 available at C:/Xilinx/Vivado/2021.2/data/xhub/boards/XilinxBoardStore/boards/Xilinx/zcu111/1.3/board.xml as part xczu28dr-ffvg1517-2-e specified in board_part file is either invalid or not available
WARNING: [Board 49-26] cannot add Board Part xilinx.com:zcu111:part0:1.4 available at C:/Xilinx/Vivado/2021.2/data/xhub/boards/XilinxBoardStore/boards/Xilinx/zcu111/1.4/board.xml as part xczu28dr-ffvg1517-2-e specified in board_part file is either invalid or not available
WARNING: [Board 49-26] cannot add Board Part xilinx.com:zcu1275:part0:1.0 available at C:/Xilinx/Vivado/2021.2/data/xhub/boards/XilinxBoardStore/boards/Xilinx/zcu1275/1.0/board.xml as part xczu29dr-ffvf1760-2-e specified in board_part file is either invalid or not available
WARNING: [Board 49-26] cannot add Board Part xilinx.com:zcu1285:part0:1.0 available at C:/Xilinx/Vivado/2021.2/data/xhub/boards/XilinxBoardStore/boards/Xilinx/zcu1285/1.0/board.xml as part xczu39dr-ffvf1760-2-i specified in board_part file is either invalid or not available
WARNING: [Board 49-26] cannot add Board Part xilinx.com:zcu208:part0:2.0 available at C:/Xilinx/Vivado/2021.2/data/xhub/boards/XilinxBoardStore/boards/Xilinx/zcu208/production/2.0/board.xml as part xczu48dr-fsvg1517-2-e specified in board_part file is either invalid or not available
WARNING: [Board 49-26] cannot add Board Part xilinx.com:zcu208_es:part0:1.0 available at C:/Xilinx/Vivado/2021.2/data/xhub/boards/XilinxBoardStore/boards/Xilinx/zcu208/es/1.0/board.xml as part xczu48dr-fsvg1517-2-e-es1 specified in board_part file is either invalid or not available
WARNING: [Board 49-26] cannot add Board Part xilinx.com:zcu208_es:part0:1.1 available at C:/Xilinx/Vivado/2021.2/data/xhub/boards/XilinxBoardStore/boards/Xilinx/zcu208/es/1.1/board.xml as part xczu48dr-fsvg1517-2-e-es1 specified in board_part file is either invalid or not available
WARNING: [Board 49-26] cannot add Board Part xilinx.com:zcu208_es:part0:1.2 available at C:/Xilinx/Vivado/2021.2/data/xhub/boards/XilinxBoardStore/boards/Xilinx/zcu208/es/1.2/board.xml as part xczu48dr-fsvg1517-2-e-es1 specified in board_part file is either invalid or not available
WARNING: [Board 49-26] cannot add Board Part xilinx.com:zcu208ld:part0:2.0 available at C:/Xilinx/Vivado/2021.2/data/xhub/boards/XilinxBoardStore/boards/Xilinx/zcu208ld/production/2.0/board.xml as part xczu58dr-fsvg1517-2-i specified in board_part file is either invalid or not available
WARNING: [Board 49-26] cannot add Board Part xilinx.com:zcu208ld_es:part0:1.0 available at C:/Xilinx/Vivado/2021.2/data/xhub/boards/XilinxBoardStore/boards/Xilinx/zcu208ld/es/1.0/board.xml as part xczu58dr-fsvg1517-2-i-es1 specified in board_part file is either invalid or not available
WARNING: [Board 49-26] cannot add Board Part xilinx.com:zcu216:part0:2.0 available at C:/Xilinx/Vivado/2021.2/data/xhub/boards/XilinxBoardStore/boards/Xilinx/zcu216/production/2.0/board.xml as part xczu49dr-ffvf1760-2-e specified in board_part file is either invalid or not available
WARNING: [Board 49-26] cannot add Board Part xilinx.com:zcu216_es:part0:1.0 available at C:/Xilinx/Vivado/2021.2/data/xhub/boards/XilinxBoardStore/boards/Xilinx/zcu216/es/1.0/board.xml as part xczu49dr-ffvf1760-2-e-es1 specified in board_part file is either invalid or not available
WARNING: [Board 49-26] cannot add Board Part xilinx.com:zcu216_es:part0:1.1 available at C:/Xilinx/Vivado/2021.2/data/xhub/boards/XilinxBoardStore/boards/Xilinx/zcu216/es/1.1/board.xml as part xczu49dr-ffvf1760-2-e-es1 specified in board_part file is either invalid or not available
WARNING: [Board 49-26] cannot add Board Part xilinx.com:zcu216_es:part0:1.2 available at C:/Xilinx/Vivado/2021.2/data/xhub/boards/XilinxBoardStore/boards/Xilinx/zcu216/es/1.2/board.xml as part xczu49dr-ffvf1760-2-e-es1 specified in board_part file is either invalid or not available
WARNING: [Board 49-26] cannot add Board Part xilinx.com:zcu216ld:part0:2.0 available at C:/Xilinx/Vivado/2021.2/data/xhub/boards/XilinxBoardStore/boards/Xilinx/zcu216ld/production/2.0/board.xml as part xczu59dr-ffvf1760-2-i specified in board_part file is either invalid or not available
WARNING: [Board 49-26] cannot add Board Part xilinx.com:zcu216ld_es:part0:1.0 available at C:/Xilinx/Vivado/2021.2/data/xhub/boards/XilinxBoardStore/boards/Xilinx/zcu216ld/es/1.0/board.xml as part xczu59dr-ffvf1760-2-i-es1 specified in board_part file is either invalid or not available
WARNING: [Board 49-26] cannot add Board Part xilinx.com:zcu670:part0:1.0 available at C:/Xilinx/Vivado/2021.2/data/xhub/boards/XilinxBoardStore/boards/Xilinx/zcu670/1.0/board.xml as part xczu67dr-fsve1156-2-i specified in board_part file is either invalid or not available
INFO: [Project 1-313] Project file moved from 'C:/Users/omkol/OneDrive - purdue.edu/Academics/Purdue/Testing System/NNT_DAQ/ADC_16Ch_Stream' since last save.
Scanning sources...
Finished scanning sources
INFO: [Project 1-1877] Auto incremental dir location 'C:/Users/omkol/OneDrive - purdue.edu/Academics/Purdue/Testing System/NNT_DAQ/ADC_16Ch_Stream/ADC_16Ch_Stream.srcs/utils_1/imports/mig_7series_0_synth_1' of run 'mig_7series_0_synth_1' is not writable, setting it to default location 'C:/Users/okolhe/OneDrive - purdue.edu/Academics/Purdue/Testing System/NNT_DAQ/ADC_16Ch_Stream/ADC_16Ch_Stream.srcs/utils_1/imports/mig_7series_0_synth_1'.
INFO: [Project 1-1877] Auto incremental dir location 'C:/Users/omkol/OneDrive - purdue.edu/Academics/Purdue/Testing System/NNT_DAQ/ADC_16Ch_Stream/ADC_16Ch_Stream.srcs/utils_1/imports/fifo_w256_128_r256_128_synth_1' of run 'fifo_w256_128_r256_128_synth_1' is not writable, setting it to default location 'C:/Users/okolhe/OneDrive - purdue.edu/Academics/Purdue/Testing System/NNT_DAQ/ADC_16Ch_Stream/ADC_16Ch_Stream.srcs/utils_1/imports/fifo_w256_128_r256_128_synth_1'.
INFO: [Project 1-1877] Auto incremental dir location 'C:/Users/omkol/OneDrive - purdue.edu/Academics/Purdue/Testing System/NNT_DAQ/ADC_16Ch_Stream/ADC_16Ch_Stream.srcs/utils_1/imports/fifo_w256_128_r32_1024_synth_1' of run 'fifo_w256_128_r32_1024_synth_1' is not writable, setting it to default location 'C:/Users/okolhe/OneDrive - purdue.edu/Academics/Purdue/Testing System/NNT_DAQ/ADC_16Ch_Stream/ADC_16Ch_Stream.srcs/utils_1/imports/fifo_w256_128_r32_1024_synth_1'.
INFO: [Project 1-1877] Auto incremental dir location 'C:/Users/omkol/OneDrive - purdue.edu/Academics/Purdue/Testing System/NNT_DAQ/ADC_16Ch_Stream/ADC_16Ch_Stream.srcs/utils_1/imports/data_clk_gen_synth_1' of run 'data_clk_gen_synth_1' is not writable, setting it to default location 'C:/Users/okolhe/OneDrive - purdue.edu/Academics/Purdue/Testing System/NNT_DAQ/ADC_16Ch_Stream/ADC_16Ch_Stream.srcs/utils_1/imports/data_clk_gen_synth_1'.
INFO: [Project 1-1877] Auto incremental dir location 'C:/Users/omkol/OneDrive - purdue.edu/Academics/Purdue/Testing System/NNT_DAQ/ADC_16Ch_Stream/ADC_16Ch_Stream.srcs/utils_1/imports/impl_1' of run 'impl_1' is not writable, setting it to default location 'C:/Users/okolhe/OneDrive - purdue.edu/Academics/Purdue/Testing System/NNT_DAQ/ADC_16Ch_Stream/ADC_16Ch_Stream.srcs/utils_1/imports/impl_1'.
INFO: [Project 1-1877] Auto incremental dir location 'C:/Users/omkol/OneDrive - purdue.edu/Academics/Purdue/Testing System/NNT_DAQ/ADC_16Ch_Stream/ADC_16Ch_Stream.srcs/utils_1/imports/mig_7series_0_impl_1' of run 'mig_7series_0_impl_1' is not writable, setting it to default location 'C:/Users/okolhe/OneDrive - purdue.edu/Academics/Purdue/Testing System/NNT_DAQ/ADC_16Ch_Stream/ADC_16Ch_Stream.srcs/utils_1/imports/mig_7series_0_impl_1'.
INFO: [Project 1-1877] Auto incremental dir location 'C:/Users/omkol/OneDrive - purdue.edu/Academics/Purdue/Testing System/NNT_DAQ/ADC_16Ch_Stream/ADC_16Ch_Stream.srcs/utils_1/imports/fifo_w256_128_r256_128_impl_1' of run 'fifo_w256_128_r256_128_impl_1' is not writable, setting it to default location 'C:/Users/okolhe/OneDrive - purdue.edu/Academics/Purdue/Testing System/NNT_DAQ/ADC_16Ch_Stream/ADC_16Ch_Stream.srcs/utils_1/imports/fifo_w256_128_r256_128_impl_1'.
INFO: [Project 1-1877] Auto incremental dir location 'C:/Users/omkol/OneDrive - purdue.edu/Academics/Purdue/Testing System/NNT_DAQ/ADC_16Ch_Stream/ADC_16Ch_Stream.srcs/utils_1/imports/fifo_w256_128_r32_1024_impl_1' of run 'fifo_w256_128_r32_1024_impl_1' is not writable, setting it to default location 'C:/Users/okolhe/OneDrive - purdue.edu/Academics/Purdue/Testing System/NNT_DAQ/ADC_16Ch_Stream/ADC_16Ch_Stream.srcs/utils_1/imports/fifo_w256_128_r32_1024_impl_1'.
INFO: [Project 1-1877] Auto incremental dir location 'C:/Users/omkol/OneDrive - purdue.edu/Academics/Purdue/Testing System/NNT_DAQ/ADC_16Ch_Stream/ADC_16Ch_Stream.srcs/utils_1/imports/data_clk_gen_impl_1' of run 'data_clk_gen_impl_1' is not writable, setting it to default location 'C:/Users/okolhe/OneDrive - purdue.edu/Academics/Purdue/Testing System/NNT_DAQ/ADC_16Ch_Stream/ADC_16Ch_Stream.srcs/utils_1/imports/data_clk_gen_impl_1'.
INFO: [IP_Flow 19-234] Refreshing IP repositories
INFO: [IP_Flow 19-1704] No user IP repositories specified
INFO: [IP_Flow 19-2313] Loaded Vivado IP repository 'C:/Xilinx/Vivado/2021.2/data/ip'.
open_project: Time (s): cpu = 00:00:17 ; elapsed = 00:00:10 . Memory (MB): peak = 1254.398 ; gain = 0.000
set_property -dict [list CONFIG.Performance_Options {Standard_FIFO} CONFIG.Write_Acknowledge_Flag {false} CONFIG.Use_Extra_Logic {false} CONFIG.Write_Data_Count_Width {7} CONFIG.Read_Data_Count_Width {10} CONFIG.Empty_Threshold_Assert_Value {2} CONFIG.Empty_Threshold_Negate_Value {3}] [get_ips fifo_w256_128_r32_1024]
generate_target all [get_files  {{C:/Users/okolhe/OneDrive - purdue.edu/Academics/Purdue/Testing System/NNT_DAQ/ADC_16Ch_Stream/ADC_16Ch_Stream.srcs/sources_1/ip/fifo_w256_128_r32_1024/fifo_w256_128_r32_1024.xci}}]
INFO: [IP_Flow 19-1686] Generating 'Instantiation Template' target for IP 'fifo_w256_128_r32_1024'...
INFO: [IP_Flow 19-1686] Generating 'Synthesis' target for IP 'fifo_w256_128_r32_1024'...
INFO: [IP_Flow 19-1686] Generating 'Simulation' target for IP 'fifo_w256_128_r32_1024'...
INFO: [IP_Flow 19-1686] Generating 'Change Log' target for IP 'fifo_w256_128_r32_1024'...
catch { config_ip_cache -export [get_ips -all fifo_w256_128_r32_1024] }
export_ip_user_files -of_objects [get_files {{C:/Users/okolhe/OneDrive - purdue.edu/Academics/Purdue/Testing System/NNT_DAQ/ADC_16Ch_Stream/ADC_16Ch_Stream.srcs/sources_1/ip/fifo_w256_128_r32_1024/fifo_w256_128_r32_1024.xci}}] -no_script -sync -force -quiet
reset_run fifo_w256_128_r32_1024_synth_1
launch_runs fifo_w256_128_r32_1024_synth_1 -jobs 8
[Thu Jun 23 15:29:37 2022] Launched fifo_w256_128_r32_1024_synth_1...
Run output will be captured here: C:/Users/okolhe/OneDrive - purdue.edu/Academics/Purdue/Testing System/NNT_DAQ/ADC_16Ch_Stream/ADC_16Ch_Stream.runs/fifo_w256_128_r32_1024_synth_1/runme.log
export_simulation -of_objects [get_files {{C:/Users/okolhe/OneDrive - purdue.edu/Academics/Purdue/Testing System/NNT_DAQ/ADC_16Ch_Stream/ADC_16Ch_Stream.srcs/sources_1/ip/fifo_w256_128_r32_1024/fifo_w256_128_r32_1024.xci}}] -directory {C:/Users/okolhe/OneDrive - purdue.edu/Academics/Purdue/Testing System/NNT_DAQ/ADC_16Ch_Stream/ADC_16Ch_Stream.ip_user_files/sim_scripts} -ip_user_files_dir {C:/Users/okolhe/OneDrive - purdue.edu/Academics/Purdue/Testing System/NNT_DAQ/ADC_16Ch_Stream/ADC_16Ch_Stream.ip_user_files} -ipstatic_source_dir {C:/Users/okolhe/OneDrive - purdue.edu/Academics/Purdue/Testing System/NNT_DAQ/ADC_16Ch_Stream/ADC_16Ch_Stream.ip_user_files/ipstatic} -lib_map_path [list {modelsim=C:/Users/okolhe/OneDrive - purdue.edu/Academics/Purdue/Testing System/NNT_DAQ/ADC_16Ch_Stream/ADC_16Ch_Stream.cache/compile_simlib/modelsim} {questa=C:/Users/okolhe/OneDrive - purdue.edu/Academics/Purdue/Testing System/NNT_DAQ/ADC_16Ch_Stream/ADC_16Ch_Stream.cache/compile_simlib/questa} {riviera=C:/Users/okolhe/OneDrive - purdue.edu/Academics/Purdue/Testing System/NNT_DAQ/ADC_16Ch_Stream/ADC_16Ch_Stream.cache/compile_simlib/riviera} {activehdl=C:/Users/okolhe/OneDrive - purdue.edu/Academics/Purdue/Testing System/NNT_DAQ/ADC_16Ch_Stream/ADC_16Ch_Stream.cache/compile_simlib/activehdl}] -use_ip_compiled_libs -force -quiet
set_property -dict [list CONFIG.Performance_Options {Standard_FIFO} CONFIG.Write_Acknowledge_Flag {false} CONFIG.Use_Extra_Logic {false} CONFIG.Write_Data_Count_Width {7} CONFIG.Read_Data_Count_Width {7} CONFIG.Full_Threshold_Assert_Value {125} CONFIG.Full_Threshold_Negate_Value {124} CONFIG.Empty_Threshold_Assert_Value {2} CONFIG.Empty_Threshold_Negate_Value {3}] [get_ips fifo_w256_128_r256_128]
generate_target all [get_files  {{C:/Users/okolhe/OneDrive - purdue.edu/Academics/Purdue/Testing System/NNT_DAQ/ADC_16Ch_Stream/ADC_16Ch_Stream.srcs/sources_1/ip/fifo_w256_128_r256_128/fifo_w256_128_r256_128.xci}}]
INFO: [IP_Flow 19-1686] Generating 'Instantiation Template' target for IP 'fifo_w256_128_r256_128'...
INFO: [IP_Flow 19-1686] Generating 'Synthesis' target for IP 'fifo_w256_128_r256_128'...
INFO: [IP_Flow 19-1686] Generating 'Simulation' target for IP 'fifo_w256_128_r256_128'...
INFO: [IP_Flow 19-1686] Generating 'Change Log' target for IP 'fifo_w256_128_r256_128'...
catch { config_ip_cache -export [get_ips -all fifo_w256_128_r256_128] }
export_ip_user_files -of_objects [get_files {{C:/Users/okolhe/OneDrive - purdue.edu/Academics/Purdue/Testing System/NNT_DAQ/ADC_16Ch_Stream/ADC_16Ch_Stream.srcs/sources_1/ip/fifo_w256_128_r256_128/fifo_w256_128_r256_128.xci}}] -no_script -sync -force -quiet
reset_run fifo_w256_128_r256_128_synth_1
WARNING: [Vivado 12-1017] Problems encountered:
1. Failed to delete one or more files in run directory C:/Users/okolhe/OneDrive - purdue.edu/Academics/Purdue/Testing System/NNT_DAQ/ADC_16Ch_Stream/ADC_16Ch_Stream.runs/fifo_w256_128_r256_128_synth_1

launch_runs fifo_w256_128_r256_128_synth_1 -jobs 8
[Thu Jun 23 15:30:05 2022] Launched fifo_w256_128_r256_128_synth_1...
Run output will be captured here: C:/Users/okolhe/OneDrive - purdue.edu/Academics/Purdue/Testing System/NNT_DAQ/ADC_16Ch_Stream/ADC_16Ch_Stream.runs/fifo_w256_128_r256_128_synth_1/runme.log
export_simulation -of_objects [get_files {{C:/Users/okolhe/OneDrive - purdue.edu/Academics/Purdue/Testing System/NNT_DAQ/ADC_16Ch_Stream/ADC_16Ch_Stream.srcs/sources_1/ip/fifo_w256_128_r256_128/fifo_w256_128_r256_128.xci}}] -directory {C:/Users/okolhe/OneDrive - purdue.edu/Academics/Purdue/Testing System/NNT_DAQ/ADC_16Ch_Stream/ADC_16Ch_Stream.ip_user_files/sim_scripts} -ip_user_files_dir {C:/Users/okolhe/OneDrive - purdue.edu/Academics/Purdue/Testing System/NNT_DAQ/ADC_16Ch_Stream/ADC_16Ch_Stream.ip_user_files} -ipstatic_source_dir {C:/Users/okolhe/OneDrive - purdue.edu/Academics/Purdue/Testing System/NNT_DAQ/ADC_16Ch_Stream/ADC_16Ch_Stream.ip_user_files/ipstatic} -lib_map_path [list {modelsim=C:/Users/okolhe/OneDrive - purdue.edu/Academics/Purdue/Testing System/NNT_DAQ/ADC_16Ch_Stream/ADC_16Ch_Stream.cache/compile_simlib/modelsim} {questa=C:/Users/okolhe/OneDrive - purdue.edu/Academics/Purdue/Testing System/NNT_DAQ/ADC_16Ch_Stream/ADC_16Ch_Stream.cache/compile_simlib/questa} {riviera=C:/Users/okolhe/OneDrive - purdue.edu/Academics/Purdue/Testing System/NNT_DAQ/ADC_16Ch_Stream/ADC_16Ch_Stream.cache/compile_simlib/riviera} {activehdl=C:/Users/okolhe/OneDrive - purdue.edu/Academics/Purdue/Testing System/NNT_DAQ/ADC_16Ch_Stream/ADC_16Ch_Stream.cache/compile_simlib/activehdl}] -use_ip_compiled_libs -force -quiet
reset_run synth_1
INFO: [Project 1-1160] Copying file C:/Users/okolhe/OneDrive - purdue.edu/Academics/Purdue/Testing System/NNT_DAQ/ADC_16Ch_Stream/ADC_16Ch_Stream.runs/synth_1/dummy_adc_stream.dcp to C:/Users/okolhe/OneDrive - purdue.edu/Academics/Purdue/Testing System/NNT_DAQ/ADC_16Ch_Stream/ADC_16Ch_Stream.srcs/utils_1/imports/synth_1 and adding it to utils fileset
launch_runs synth_1 -jobs 8
[Thu Jun 23 15:31:39 2022] Launched synth_1...
Run output will be captured here: C:/Users/okolhe/OneDrive - purdue.edu/Academics/Purdue/Testing System/NNT_DAQ/ADC_16Ch_Stream/ADC_16Ch_Stream.runs/synth_1/runme.log
export_ip_user_files -of_objects  [get_files {{C:/Users/okolhe/OneDrive - purdue.edu/Academics/Purdue/Testing System/NNT_DAQ/ADC_16Ch_Stream/ADC_16Ch_Stream.srcs/utils_1/imports/synth_1/dummy_adc_stream.dcp}}] -no_script -reset -force -quiet
remove_files  -fileset utils_1 {{C:/Users/okolhe/OneDrive - purdue.edu/Academics/Purdue/Testing System/NNT_DAQ/ADC_16Ch_Stream/ADC_16Ch_Stream.srcs/utils_1/imports/synth_1/dummy_adc_stream.dcp}}
file delete -force {C:/Users/okolhe/OneDrive - purdue.edu/Academics/Purdue/Testing System/NNT_DAQ/ADC_16Ch_Stream/ADC_16Ch_Stream.srcs/utils_1/imports/synth_1/dummy_adc_stream.dcp}
reset_run synth_1
launch_runs synth_1 -jobs 8
WARNING: [Vivado 12-7122] Auto Incremental Compile:: No reference checkpoint was found in run synth_1. Auto-incremental flow will not be run, the standard flow will be run instead.
[Thu Jun 23 15:33:27 2022] Launched synth_1...
Run output will be captured here: C:/Users/okolhe/OneDrive - purdue.edu/Academics/Purdue/Testing System/NNT_DAQ/ADC_16Ch_Stream/ADC_16Ch_Stream.runs/synth_1/runme.log
launch_runs impl_1 -jobs 8
[Thu Jun 23 15:34:27 2022] Launched impl_1...
Run output will be captured here: C:/Users/okolhe/OneDrive - purdue.edu/Academics/Purdue/Testing System/NNT_DAQ/ADC_16Ch_Stream/ADC_16Ch_Stream.runs/impl_1/runme.log
reset_run impl_1
reset_run synth_1
INFO: [Project 1-1160] Copying file C:/Users/okolhe/OneDrive - purdue.edu/Academics/Purdue/Testing System/NNT_DAQ/ADC_16Ch_Stream/ADC_16Ch_Stream.runs/synth_1/dummy_adc_stream.dcp to C:/Users/okolhe/OneDrive - purdue.edu/Academics/Purdue/Testing System/NNT_DAQ/ADC_16Ch_Stream/ADC_16Ch_Stream.srcs/utils_1/imports/synth_1 and adding it to utils fileset
launch_runs synth_1 -jobs 8
[Thu Jun 23 15:35:19 2022] Launched synth_1...
Run output will be captured here: C:/Users/okolhe/OneDrive - purdue.edu/Academics/Purdue/Testing System/NNT_DAQ/ADC_16Ch_Stream/ADC_16Ch_Stream.runs/synth_1/runme.log
reset_run synth_1
WARNING: [Vivado 12-1017] Problems encountered:
1. PID not specified

launch_runs synth_1 -jobs 8
[Thu Jun 23 15:35:25 2022] Launched synth_1...
Run output will be captured here: C:/Users/okolhe/OneDrive - purdue.edu/Academics/Purdue/Testing System/NNT_DAQ/ADC_16Ch_Stream/ADC_16Ch_Stream.runs/synth_1/runme.log
export_ip_user_files -of_objects  [get_files {{C:/Users/okolhe/OneDrive - purdue.edu/Academics/Purdue/Testing System/NNT_DAQ/ADC_16Ch_Stream/ADC_16Ch_Stream.srcs/utils_1/imports/synth_1/dummy_adc_stream.dcp}}] -no_script -reset -force -quiet
remove_files  -fileset utils_1 {{C:/Users/okolhe/OneDrive - purdue.edu/Academics/Purdue/Testing System/NNT_DAQ/ADC_16Ch_Stream/ADC_16Ch_Stream.srcs/utils_1/imports/synth_1/dummy_adc_stream.dcp}}
reset_run synth_1
launch_runs synth_1 -jobs 8
WARNING: [Vivado 12-7122] Auto Incremental Compile:: No reference checkpoint was found in run synth_1. Auto-incremental flow will not be run, the standard flow will be run instead.
[Thu Jun 23 15:36:37 2022] Launched synth_1...
Run output will be captured here: C:/Users/okolhe/OneDrive - purdue.edu/Academics/Purdue/Testing System/NNT_DAQ/ADC_16Ch_Stream/ADC_16Ch_Stream.runs/synth_1/runme.log
launch_runs impl_1 -jobs 8
[Thu Jun 23 15:38:50 2022] Launched impl_1...
Run output will be captured here: C:/Users/okolhe/OneDrive - purdue.edu/Academics/Purdue/Testing System/NNT_DAQ/ADC_16Ch_Stream/ADC_16Ch_Stream.runs/impl_1/runme.log
launch_runs impl_1 -to_step write_bitstream -jobs 8
[Thu Jun 23 15:42:25 2022] Launched impl_1...
Run output will be captured here: C:/Users/okolhe/OneDrive - purdue.edu/Academics/Purdue/Testing System/NNT_DAQ/ADC_16Ch_Stream/ADC_16Ch_Stream.runs/impl_1/runme.log
exit
INFO: [Common 17-206] Exiting Vivado at Thu Jun 23 16:03:29 2022...
