#-----------------------------------------------------------
# Vivado v2021.2 (64-bit)
# SW Build 3367213 on Tue Oct 19 02:48:09 MDT 2021
# IP Build 3369179 on Thu Oct 21 08:25:16 MDT 2021
# Start of session at: Wed Jun 22 10:13:20 2022
# Process ID: 7592
# Current directory: C:/Users/omkol/OneDrive - purdue.edu/Academics/Purdue/Testing System/NNT_DAQ/ADC_16Ch_Stream
# Command line: vivado.exe -gui_launcher_event rodinguilauncherevent19840 C:\Users\omkol\OneDrive - purdue.edu\Academics\Purdue\Testing System\NNT_DAQ\ADC_16Ch_Stream\ADC_16Ch_Stream.xpr
# Log file: C:/Users/omkol/OneDrive - purdue.edu/Academics/Purdue/Testing System/NNT_DAQ/ADC_16Ch_Stream/vivado.log
# Journal file: C:/Users/omkol/OneDrive - purdue.edu/Academics/Purdue/Testing System/NNT_DAQ/ADC_16Ch_Stream\vivado.jou
# Running On: LAPTOP-4PT5HRKL, OS: Windows, CPU Frequency: 2296 MHz, CPU Physical cores: 12, Host memory: 15919 MB
#-----------------------------------------------------------
start_gui
open_project {C:/Users/omkol/OneDrive - purdue.edu/Academics/Purdue/Testing System/NNT_DAQ/ADC_16Ch_Stream/ADC_16Ch_Stream.xpr}
INFO: [ProjectBase 1-489] The host OS only allows 260 characters in a normal path. The project is stored in a path with more than 80 characters. If you experience issues with IP, Block Designs, or files not being found, please consider moving the project to a location with a shorter path. Alternately consider using the OS subst command to map part of the path to a drive letter.
Current project path is 'C:/Users/omkol/OneDrive - purdue.edu/Academics/Purdue/Testing System/NNT_DAQ/ADC_16Ch_Stream'
WARNING: [Board 49-26] cannot add Board Part xilinx.com:vck190_es:part0:1.3 available at C:/Xilinx/Vivado/2021.2/data/xhub/boards/XilinxBoardStore/boards/Xilinx/vck190/es/1.3/board.xml as part xcvc1902-vsva2197-2mp-e-s-es1 specified in board_part file is either invalid or not available
WARNING: [Board 49-26] cannot add Board Part xilinx.com:vmk180_es:part0:1.3 available at C:/Xilinx/Vivado/2021.2/data/xhub/boards/XilinxBoardStore/boards/Xilinx/vmk180/es/1.3/board.xml as part xcvm1802-vsva2197-2mp-e-s-es1 specified in board_part file is either invalid or not available
WARNING: [Board 49-26] cannot add Board Part xilinx.com:vpk120_es:part0:1.2 available at C:/Xilinx/Vivado/2021.2/data/xhub/boards/XilinxBoardStore/boards/Xilinx/vpk120/es/1.2/board.xml as part xcvp1202-vsva2785-2mp-e-s-es1 specified in board_part file is either invalid or not available
WARNING: [Board 49-26] cannot add Board Part xilinx.com:zcu208_es:part0:1.0 available at C:/Xilinx/Vivado/2021.2/data/xhub/boards/XilinxBoardStore/boards/Xilinx/zcu208/es/1.0/board.xml as part xczu48dr-fsvg1517-2-e-es1 specified in board_part file is either invalid or not available
WARNING: [Board 49-26] cannot add Board Part xilinx.com:zcu208_es:part0:1.1 available at C:/Xilinx/Vivado/2021.2/data/xhub/boards/XilinxBoardStore/boards/Xilinx/zcu208/es/1.1/board.xml as part xczu48dr-fsvg1517-2-e-es1 specified in board_part file is either invalid or not available
WARNING: [Board 49-26] cannot add Board Part xilinx.com:zcu208_es:part0:1.2 available at C:/Xilinx/Vivado/2021.2/data/xhub/boards/XilinxBoardStore/boards/Xilinx/zcu208/es/1.2/board.xml as part xczu48dr-fsvg1517-2-e-es1 specified in board_part file is either invalid or not available
WARNING: [Board 49-26] cannot add Board Part xilinx.com:zcu208ld:part0:2.0 available at C:/Xilinx/Vivado/2021.2/data/xhub/boards/XilinxBoardStore/boards/Xilinx/zcu208ld/production/2.0/board.xml as part xczu58dr-fsvg1517-2-i specified in board_part file is either invalid or not available
WARNING: [Board 49-26] cannot add Board Part xilinx.com:zcu208ld_es:part0:1.0 available at C:/Xilinx/Vivado/2021.2/data/xhub/boards/XilinxBoardStore/boards/Xilinx/zcu208ld/es/1.0/board.xml as part xczu58dr-fsvg1517-2-i-es1 specified in board_part file is either invalid or not available
WARNING: [Board 49-26] cannot add Board Part xilinx.com:zcu216_es:part0:1.0 available at C:/Xilinx/Vivado/2021.2/data/xhub/boards/XilinxBoardStore/boards/Xilinx/zcu216/es/1.0/board.xml as part xczu49dr-ffvf1760-2-e-es1 specified in board_part file is either invalid or not available
WARNING: [Board 49-26] cannot add Board Part xilinx.com:zcu216_es:part0:1.1 available at C:/Xilinx/Vivado/2021.2/data/xhub/boards/XilinxBoardStore/boards/Xilinx/zcu216/es/1.1/board.xml as part xczu49dr-ffvf1760-2-e-es1 specified in board_part file is either invalid or not available
WARNING: [Board 49-26] cannot add Board Part xilinx.com:zcu216_es:part0:1.2 available at C:/Xilinx/Vivado/2021.2/data/xhub/boards/XilinxBoardStore/boards/Xilinx/zcu216/es/1.2/board.xml as part xczu49dr-ffvf1760-2-e-es1 specified in board_part file is either invalid or not available
WARNING: [Board 49-26] cannot add Board Part xilinx.com:zcu216ld:part0:2.0 available at C:/Xilinx/Vivado/2021.2/data/xhub/boards/XilinxBoardStore/boards/Xilinx/zcu216ld/production/2.0/board.xml as part xczu59dr-ffvf1760-2-i specified in board_part file is either invalid or not available
WARNING: [Board 49-26] cannot add Board Part xilinx.com:zcu216ld_es:part0:1.0 available at C:/Xilinx/Vivado/2021.2/data/xhub/boards/XilinxBoardStore/boards/Xilinx/zcu216ld/es/1.0/board.xml as part xczu59dr-ffvf1760-2-i-es1 specified in board_part file is either invalid or not available
WARNING: [Board 49-26] cannot add Board Part xilinx.com:zcu670:part0:1.0 available at C:/Xilinx/Vivado/2021.2/data/xhub/boards/XilinxBoardStore/boards/Xilinx/zcu670/1.0/board.xml as part xczu67dr-fsve1156-2-i specified in board_part file is either invalid or not available
INFO: [Project 1-313] Project file moved from 'C:/Users/okolhe/OneDrive - purdue.edu/Academics/Purdue/Testing System/NNT_DAQ/ADC_16Ch_Stream' since last save.
Scanning sources...
Finished scanning sources
INFO: [Project 1-1877] Auto incremental dir location 'C:/Users/okolhe/OneDrive - purdue.edu/Academics/Purdue/Testing System/NNT_DAQ/ADC_16Ch_Stream/ADC_16Ch_Stream.srcs/utils_1/imports/mig_7series_0_synth_1' of run 'mig_7series_0_synth_1' is not writable, setting it to default location 'C:/Users/omkol/OneDrive - purdue.edu/Academics/Purdue/Testing System/NNT_DAQ/ADC_16Ch_Stream/ADC_16Ch_Stream.srcs/utils_1/imports/mig_7series_0_synth_1'.
INFO: [Project 1-1877] Auto incremental dir location 'C:/Users/okolhe/OneDrive - purdue.edu/Academics/Purdue/Testing System/NNT_DAQ/ADC_16Ch_Stream/ADC_16Ch_Stream.srcs/utils_1/imports/fifo_w256_128_r256_128_synth_1' of run 'fifo_w256_128_r256_128_synth_1' is not writable, setting it to default location 'C:/Users/omkol/OneDrive - purdue.edu/Academics/Purdue/Testing System/NNT_DAQ/ADC_16Ch_Stream/ADC_16Ch_Stream.srcs/utils_1/imports/fifo_w256_128_r256_128_synth_1'.
INFO: [Project 1-1877] Auto incremental dir location 'C:/Users/okolhe/OneDrive - purdue.edu/Academics/Purdue/Testing System/NNT_DAQ/ADC_16Ch_Stream/ADC_16Ch_Stream.srcs/utils_1/imports/fifo_w256_128_r32_1024_synth_1' of run 'fifo_w256_128_r32_1024_synth_1' is not writable, setting it to default location 'C:/Users/omkol/OneDrive - purdue.edu/Academics/Purdue/Testing System/NNT_DAQ/ADC_16Ch_Stream/ADC_16Ch_Stream.srcs/utils_1/imports/fifo_w256_128_r32_1024_synth_1'.
INFO: [Project 1-1877] Auto incremental dir location 'C:/Users/okolhe/OneDrive - purdue.edu/Academics/Purdue/Testing System/NNT_DAQ/ADC_16Ch_Stream/ADC_16Ch_Stream.srcs/utils_1/imports/data_clk_gen_synth_1' of run 'data_clk_gen_synth_1' is not writable, setting it to default location 'C:/Users/omkol/OneDrive - purdue.edu/Academics/Purdue/Testing System/NNT_DAQ/ADC_16Ch_Stream/ADC_16Ch_Stream.srcs/utils_1/imports/data_clk_gen_synth_1'.
INFO: [Project 1-1877] Auto incremental dir location 'C:/Users/okolhe/OneDrive - purdue.edu/Academics/Purdue/Testing System/NNT_DAQ/ADC_16Ch_Stream/ADC_16Ch_Stream.srcs/utils_1/imports/impl_1' of run 'impl_1' is not writable, setting it to default location 'C:/Users/omkol/OneDrive - purdue.edu/Academics/Purdue/Testing System/NNT_DAQ/ADC_16Ch_Stream/ADC_16Ch_Stream.srcs/utils_1/imports/impl_1'.
INFO: [Project 1-1877] Auto incremental dir location 'C:/Users/okolhe/OneDrive - purdue.edu/Academics/Purdue/Testing System/NNT_DAQ/ADC_16Ch_Stream/ADC_16Ch_Stream.srcs/utils_1/imports/mig_7series_0_impl_1' of run 'mig_7series_0_impl_1' is not writable, setting it to default location 'C:/Users/omkol/OneDrive - purdue.edu/Academics/Purdue/Testing System/NNT_DAQ/ADC_16Ch_Stream/ADC_16Ch_Stream.srcs/utils_1/imports/mig_7series_0_impl_1'.
INFO: [Project 1-1877] Auto incremental dir location 'C:/Users/okolhe/OneDrive - purdue.edu/Academics/Purdue/Testing System/NNT_DAQ/ADC_16Ch_Stream/ADC_16Ch_Stream.srcs/utils_1/imports/fifo_w256_128_r256_128_impl_1' of run 'fifo_w256_128_r256_128_impl_1' is not writable, setting it to default location 'C:/Users/omkol/OneDrive - purdue.edu/Academics/Purdue/Testing System/NNT_DAQ/ADC_16Ch_Stream/ADC_16Ch_Stream.srcs/utils_1/imports/fifo_w256_128_r256_128_impl_1'.
INFO: [Project 1-1877] Auto incremental dir location 'C:/Users/okolhe/OneDrive - purdue.edu/Academics/Purdue/Testing System/NNT_DAQ/ADC_16Ch_Stream/ADC_16Ch_Stream.srcs/utils_1/imports/fifo_w256_128_r32_1024_impl_1' of run 'fifo_w256_128_r32_1024_impl_1' is not writable, setting it to default location 'C:/Users/omkol/OneDrive - purdue.edu/Academics/Purdue/Testing System/NNT_DAQ/ADC_16Ch_Stream/ADC_16Ch_Stream.srcs/utils_1/imports/fifo_w256_128_r32_1024_impl_1'.
INFO: [Project 1-1877] Auto incremental dir location 'C:/Users/okolhe/OneDrive - purdue.edu/Academics/Purdue/Testing System/NNT_DAQ/ADC_16Ch_Stream/ADC_16Ch_Stream.srcs/utils_1/imports/data_clk_gen_impl_1' of run 'data_clk_gen_impl_1' is not writable, setting it to default location 'C:/Users/omkol/OneDrive - purdue.edu/Academics/Purdue/Testing System/NNT_DAQ/ADC_16Ch_Stream/ADC_16Ch_Stream.srcs/utils_1/imports/data_clk_gen_impl_1'.
INFO: [IP_Flow 19-234] Refreshing IP repositories
INFO: [IP_Flow 19-1704] No user IP repositories specified
INFO: [IP_Flow 19-2313] Loaded Vivado IP repository 'C:/Xilinx/Vivado/2021.2/data/ip'.
open_project: Time (s): cpu = 00:00:24 ; elapsed = 00:00:12 . Memory (MB): peak = 1383.660 ; gain = 0.000
exit
INFO: [Common 17-206] Exiting Vivado at Wed Jun 22 10:48:25 2022...
